Note: Some input files use unchecked or unsafe operations.Note: Some input files use unchecked or unsafe operations.

Note: Recompile with -Xlint:unchecked for details.Note: Recompile with -Xlint:unchecked for details.



FAILURE: FAILURE: Build failed with an exception.Build failed with an exception.



* What went wrong:* What went wrong:

Execution failed for task ':spotbugsMain'.Execution failed for task ':spotbugsMain'.

> > A failure occurred while executing com.github.spotbugs.snom.internal.SpotBugsRunnerForHybrid$SpotBugsExecutorA failure occurred while executing com.github.spotbugs.snom.internal.SpotBugsRunnerForHybrid$SpotBugsExecutor

      > > Verification failed: SpotBugs ended with exit code 1.Verification failed: SpotBugs ended with exit code 1.


* Try:
> Run with --stacktrace option to get the stack trace.
> Run with --info or --debug option to get more log output.
> Run with --scan to get full insights.

* Get more help at https://help.gradle.org

BUILD FAILED in 10s

* Try:
> Run with --stacktrace option to get the stack trace.
> Run with --info or --debug option to get more log output.
> Run with --scan to get full insights.

* Get more help at https://help.gradle.org

BUILD FAILED in 10s
